<?xml version="1.0" encoding="UTF-8"?>
<!-- Generated by org.testng.reporters.JUnitReportReporter -->
<testsuite hostname="KUBNEEZ" failures="0" tests="1" name="rahulshettyacademy.extentReport.ExtentReportDemo" time="4.831" errors="0" timestamp="2024-01-09T18:52:18 IST" skipped="0">
  <testcase classname="rahulshettyacademy.extentReport.ExtentReportDemo" name="initialDemo" time="4.831"/>
  <system-out/>
</testsuite> <!-- rahulshettyacademy.extentReport.ExtentReportDemo -->
