<?xml version="1.0" encoding="UTF-8"?>
<!-- Generated by org.testng.reporters.JUnitXMLReporter -->
<testsuite ignored="0" hostname="KUBNEEZ" failures="0" tests="1" name="Test-0" time="12.559" errors="0" timestamp="2024-01-29T18:08:47 IST">
  <testcase classname="rahulshettyacademyBrowserStack.BrowserStacktestdemo2" name="titleCheck" time="11.229"/>
</testsuite> <!-- Test-0 -->
