<?xml version="1.0" encoding="UTF-8"?>
<!-- Generated by org.testng.reporters.JUnitXMLReporter -->
<testsuite ignored="0" hostname="KUBNEEZ" failures="0" tests="1" name="Test-1" time="9.199" errors="0" timestamp="2024-01-29T18:08:44 IST">
  <testcase classname="rahulshettyacademyBrowserStack.BrowserStacktestdemo2" name="titleCheck" time="9.045"/>
</testsuite> <!-- Test-1 -->
