<?xml version="1.0" encoding="UTF-8"?>
<!-- Generated by org.testng.reporters.JUnitXMLReporter -->
<testsuite ignored="0" hostname="KUBNEEZ" failures="0" tests="1" name="Test-2" time="7.959" errors="0" timestamp="2024-01-29T17:55:50 IST">
  <testcase classname="rahulshettyacademyBrowserStack.BrowserStacktestdemo" name="titleCheck" time="7.811"/>
</testsuite> <!-- Test-2 -->
