<?xml version="1.0" encoding="UTF-8"?>
<!-- Generated by org.testng.reporters.JUnitReportReporter -->
<testsuite hostname="KUBNEEZ" failures="0" tests="2" name="rahulshettyacademyBrowserStack.BrowserStacktestdemo2" time="20.274" errors="0" timestamp="2024-01-29T18:09:02 IST" skipped="0">
  <testcase classname="rahulshettyacademyBrowserStack.BrowserStacktestdemo2" name="titleCheck" time="11.229"/>
  <testcase classname="rahulshettyacademyBrowserStack.BrowserStacktestdemo2" name="titleCheck" time="9.045"/>
</testsuite> <!-- rahulshettyacademyBrowserStack.BrowserStacktestdemo2 -->
