<?xml version="1.0" encoding="UTF-8"?>
<!-- Generated by org.testng.reporters.JUnitReportReporter -->
<testsuite hostname="KUBNEEZ" failures="0" tests="2" name="rahulshettyacademyBrowserStack.BrowserStacktestdemo" time="22.374" errors="0" timestamp="2024-01-29T18:09:02 IST" skipped="0">
  <testcase classname="rahulshettyacademyBrowserStack.BrowserStacktestdemo" name="titleCheckgoogle" time="12.687"/>
  <testcase classname="rahulshettyacademyBrowserStack.BrowserStacktestdemo" name="titleCheckgoogle" time="9.687"/>
</testsuite> <!-- rahulshettyacademyBrowserStack.BrowserStacktestdemo -->
