<?xml version="1.0" encoding="UTF-8"?>
<!-- Generated by org.testng.reporters.JUnitReportReporter -->
<testsuite hostname="KUBNEEZ" failures="0" tests="2" name="rahulshettyacademy.test.DataProviderTest" time="23.993" errors="0" timestamp="2024-01-07T11:49:33 IST" skipped="0">
  <testcase classname="rahulshettyacademy.test.DataProviderTest" name="submitorder" time="12.784"/>
  <system-out/>
  <testcase classname="rahulshettyacademy.test.DataProviderTest" name="submitorder" time="11.209"/>
  <system-out/>
</testsuite> <!-- rahulshettyacademy.test.DataProviderTest -->
