<?xml version="1.0" encoding="UTF-8"?>
<!-- Generated by org.testng.reporters.JUnitReportReporter -->
<testsuite hostname="KUBNEEZ" failures="0" tests="2" name="rahulshettyacademy.test.ErrrorValidationTest" time="14.586" errors="0" timestamp="2024-01-08T03:02:48 IST" skipped="0">
  <testcase classname="rahulshettyacademy.test.ErrrorValidationTest" name="productErrorVal" time="11.766"/>
  <system-out/>
  <testcase classname="rahulshettyacademy.test.ErrrorValidationTest" name="Error" time="2.820"/>
  <system-out/>
</testsuite> <!-- rahulshettyacademy.test.ErrrorValidationTest -->
