<?xml version="1.0" encoding="UTF-8"?>
<!-- Generated by org.testng.reporters.JUnitReportReporter -->
<testsuite hostname="KUBNEEZ" failures="0" tests="2" name="rahulshettyacademy.test.SubmitOrder" time="23.292" errors="0" timestamp="2024-01-12T17:24:27 IST" skipped="0">
  <testcase classname="rahulshettyacademy.test.SubmitOrder" name="submit" time="12.813"/>
  <system-out/>
  <testcase classname="rahulshettyacademy.test.SubmitOrder" name="SubmitPage" time="10.479"/>
  <system-out/>
</testsuite> <!-- rahulshettyacademy.test.SubmitOrder -->
