<?xml version="1.0" encoding="UTF-8"?>
<!-- Generated by org.testng.reporters.JUnitReportReporter -->
<testsuite hostname="KUBNEEZ" failures="0" tests="2" name="rahulshettyacademy.test.Hash" time="33.663" errors="0" timestamp="2024-01-14T01:06:06 IST" skipped="0">
  <testcase classname="rahulshettyacademy.test.Hash" name="submit" time="17.566"/>
  <system-out/>
  <testcase classname="rahulshettyacademy.test.Hash" name="submit" time="16.097"/>
  <system-out/>
</testsuite> <!-- rahulshettyacademy.test.Hash -->
