<?xml version="1.0" encoding="UTF-8"?>
<!-- Generated by org.testng.reporters.JUnitReportReporter -->
<testsuite hostname="KUBNEEZ" failures="0" tests="1" name="cucumber.TestNgCucumberRunner" time="5.433" errors="0" timestamp="2024-01-25T01:06:21 IST" skipped="0">
  <testcase classname="cucumber.TestNgCucumberRunner" name="runScenario" time="5.433"/>
  <system-out/>
</testsuite> <!-- cucumber.TestNgCucumberRunner -->
