<?xml version="1.0" encoding="UTF-8"?>
<!-- Generated by org.testng.reporters.JUnitReportReporter -->
<testsuite hostname="KUBNEEZ" failures="0" tests="2" name="rahulshettyacademy.test.dataProvider" time="24.171" errors="0" timestamp="2024-01-12T17:24:27 IST" skipped="0">
  <testcase classname="rahulshettyacademy.test.dataProvider" name="submit" time="11.862"/>
  <system-out/>
  <testcase classname="rahulshettyacademy.test.dataProvider" name="submit" time="12.309"/>
  <system-out/>
</testsuite> <!-- rahulshettyacademy.test.dataProvider -->
