<?xml version="1.0" encoding="UTF-8"?>
<!-- Generated by org.testng.reporters.JUnitReportReporter -->
<testsuite hostname="KUBNEEZ" failures="0" tests="3" name="ExeclDataDriven" time="0.009" errors="0" timestamp="2024-01-25T00:54:14 IST" skipped="0">
  <testcase classname="ExeclDataDriven" name="testCaseData" time="0.001"/>
  <system-out/>
  <testcase classname="ExeclDataDriven" name="testCaseData" time="0.001"/>
  <system-out/>
  <testcase classname="ExeclDataDriven" name="testCaseData" time="0.007"/>
  <system-out/>
</testsuite> <!-- ExeclDataDriven -->
