<?xml version="1.0" encoding="UTF-8"?>
<!-- Generated by org.testng.reporters.JUnitReportReporter -->
<testsuite hostname="KUBNEEZ" failures="0" tests="1" name="DataDriven" time="1.276" errors="0" timestamp="2024-01-25T00:42:01 IST" skipped="0">
  <testcase classname="DataDriven" name="getExecl" time="1.276"/>
  <system-out/>
</testsuite> <!-- DataDriven -->
