<?xml version="1.0" encoding="UTF-8"?>
<!-- Generated by org.testng.reporters.JUnitReportReporter -->
<testsuite hostname="KUBNEEZ" failures="0" tests="1" name="GoogleTest" time="3.750" errors="0" timestamp="2024-01-25T01:55:30 IST" skipped="0">
  <testcase classname="GoogleTest" name="HomePage" time="3.750"/>
  <system-out/>
</testsuite> <!-- GoogleTest -->
