<?xml version="1.0" encoding="UTF-8"?>
<!-- Generated by org.testng.reporters.JUnitReportReporter -->
<testsuite hostname="KUBNEEZ" failures="0" tests="1" name="RTS" time="3.395" errors="0" timestamp="2024-01-25T01:59:28 IST" skipped="0">
  <testcase classname="RTS" name="Page" time="3.395"/>
  <system-out/>
</testsuite> <!-- RTS -->
