<?xml version="1.0" encoding="UTF-8"?>
<!-- Generated by org.testng.reporters.JUnitReportReporter -->
<testsuite hostname="KUBNEEZ" failures="0" tests="1" name="RSATest" time="5.462" errors="0" timestamp="2024-01-25T01:19:19 IST" skipped="0">
  <testcase classname="RSATest" name="HomePage" time="5.462"/>
  <system-out/>
</testsuite> <!-- RSATest -->
